{"name": "test_create_user", "status": "failed", "statusDetails": {"message": "AssertionError: assert '2025-01-28T19:40:42.281Z' == '2025-01-28 19:38:32.881432'\n  \n  - 2025-01-28 19:38:32.881432\n  + 2025-01-28T19:40:42.281Z", "trace": "def test_create_user():\n        body = {\n        \"name\": \"morpheus\",\n        \"job\": \"leader\"\n        }\n        response = httpx.post(BASE_URL + CREATE_USER, json=body)\n        assert response.status_code == 201\n    \n    \n    \n        response_json = response.json()\n        creation_date = response_json['createdAt']\n        current_date = str(datetime.datetime.utcnow())\n>       assert creation_date == current_date\nE       AssertionError: assert '2025-01-28T19:40:42.281Z' == '2025-01-28 19:38:32.881432'\nE         \nE         - 2025-01-28 19:38:32.881432\nE         + 2025-01-28T19:40:42.281Z\n\ntests\\test_work_user_data.py:24: AssertionError"}, "start": 1738093112174, "stop": 1738093112895, "uuid": "c826a699-ccc1-415a-9df5-2ccadde710b1", "historyId": "da73150bf80f71f27b0681aa1f2f9402", "testCaseId": "da73150bf80f71f27b0681aa1f2f9402", "fullName": "tests.test_work_user_data#test_create_user", "labels": [{"name": "parentSuite", "value": "tests"}, {"name": "suite", "value": "test_work_user_data"}, {"name": "host", "value": "LAPTOP-LSAVBAAG"}, {"name": "thread", "value": "3152-MainThread"}, {"name": "framework", "value": "pytest"}, {"name": "language", "value": "cpython3"}, {"name": "package", "value": "tests.test_work_user_data"}]}