{"name": "test_create_user", "status": "failed", "statusDetails": {"message": "AssertionError: assert '2025-01-28T19:38:36.493Z' == datetime.datetime(2025, 1, 28, 19, 36, 27, 93903)", "trace": "def test_create_user():\n        body = {\n        \"name\": \"morpheus\",\n        \"job\": \"leader\"\n        }\n        response = httpx.post(BASE_URL + CREATE_USER, json=body)\n        assert response.status_code == 201\n    \n        response_json = response.json()\n        creation_date = response_json['createdAt']\n        current_date = datetime.datetime.utcnow()\n>       assert creation_date == current_date\nE       AssertionError: assert '2025-01-28T19:38:36.493Z' == datetime.datetime(2025, 1, 28, 19, 36, 27, 93903)\n\ntests\\test_work_user_data.py:22: AssertionError"}, "start": 1738092986447, "stop": 1738092987095, "uuid": "0982cbac-969c-4a4d-8a4b-f7cbc7172bb3", "historyId": "da73150bf80f71f27b0681aa1f2f9402", "testCaseId": "da73150bf80f71f27b0681aa1f2f9402", "fullName": "tests.test_work_user_data#test_create_user", "labels": [{"name": "parentSuite", "value": "tests"}, {"name": "suite", "value": "test_work_user_data"}, {"name": "host", "value": "LAPTOP-LSAVBAAG"}, {"name": "thread", "value": "19268-MainThread"}, {"name": "framework", "value": "pytest"}, {"name": "language", "value": "cpython3"}, {"name": "package", "value": "tests.test_work_user_data"}]}