{"name": "test_create_user", "status": "failed", "statusDetails": {"message": "AssertionError: assert '2025-01-28 19:41:44.938Z' == '2025-01-28 19:39:35.535093'\n  \n  - 2025-01-28 19:39:35.535093\n  + 2025-01-28 19:41:44.938Z", "trace": "def test_create_user():\n        body = {\n        \"name\": \"morpheus\",\n        \"job\": \"leader\"\n        }\n        response = httpx.post(BASE_URL + CREATE_USER, json=body)\n        assert response.status_code == 201\n    \n    \n    \n        response_json = response.json()\n        creation_date = response_json['createdAt'].replace('T', ' ')\n        current_date = str(datetime.datetime.utcnow())\n>       assert creation_date == current_date\nE       AssertionError: assert '2025-01-28 19:41:44.938Z' == '2025-01-28 19:39:35.535093'\nE         \nE         - 2025-01-28 19:39:35.535093\nE         + 2025-01-28 19:41:44.938Z\n\ntests\\test_work_user_data.py:24: AssertionError"}, "start": 1738093174837, "stop": 1738093175536, "uuid": "2fd6db5f-919b-4f31-9a90-af8e8f7c00a8", "historyId": "da73150bf80f71f27b0681aa1f2f9402", "testCaseId": "da73150bf80f71f27b0681aa1f2f9402", "fullName": "tests.test_work_user_data#test_create_user", "labels": [{"name": "parentSuite", "value": "tests"}, {"name": "suite", "value": "test_work_user_data"}, {"name": "host", "value": "LAPTOP-LSAVBAAG"}, {"name": "thread", "value": "18000-MainThread"}, {"name": "framework", "value": "pytest"}, {"name": "language", "value": "cpython3"}, {"name": "package", "value": "tests.test_work_user_data"}]}