{"name": "test_create_user", "status": "failed", "statusDetails": {"message": "AssertionError: assert '2025-01-28T19:38:13.607Z' == datetime.datetime(2025, 1, 28, 22, 36, 4, 211538)", "trace": "def test_create_user():\n        body = {\n        \"name\": \"morpheus\",\n        \"job\": \"leader\"\n        }\n        response = httpx.post(BASE_URL + CREATE_USER, json=body)\n        assert response.status_code == 201\n    \n        response_json = response.json()\n        creation_date = response_json['createdAt']\n        current_date = datetime.datetime.today()\n>       assert creation_date == current_date\nE       AssertionError: assert '2025-01-28T19:38:13.607Z' == datetime.datetime(2025, 1, 28, 22, 36, 4, 211538)\n\ntests\\test_work_user_data.py:22: AssertionError"}, "start": 1738092963423, "stop": 1738092964213, "uuid": "65a932e7-8364-472b-bc63-8e12d8b9821e", "historyId": "da73150bf80f71f27b0681aa1f2f9402", "testCaseId": "da73150bf80f71f27b0681aa1f2f9402", "fullName": "tests.test_work_user_data#test_create_user", "labels": [{"name": "parentSuite", "value": "tests"}, {"name": "suite", "value": "test_work_user_data"}, {"name": "host", "value": "LAPTOP-LSAVBAAG"}, {"name": "thread", "value": "6268-MainThread"}, {"name": "framework", "value": "pytest"}, {"name": "language", "value": "cpython3"}, {"name": "package", "value": "tests.test_work_user_data"}]}